# JRE version: OpenJDK Runtime Environment (17.0.7) (build 17.0.7+0-b2043.56-10550314)
# Java VM: OpenJDK 64-Bit Server VM (17.0.7+0-b2043.56-10550314, mixed mode, tiered, compressed oops, compressed class ptrs, g1 gc, windows-amd64)
GC Precious Log:
 CPUs: 6 total, 6 available
 Memory: 20342M
 Large Page Support: Disabled
 NUMA Support: Disabled
 Compressed Oops: Enabled (32-bit)
 Heap Region Size: 1M
 Heap Min Capacity: 8M
 Heap Initial Capacity: 318M
 Heap Max Capacity: 2G
 Pre-touch: Disabled
 Parallel Workers: 6
 Concurrent Workers: 2
 Concurrent Refinement Workers: 6
 Periodic GC: Disabled
Heap:
 garbage-first heap   total 265216K, used 157586K [0x0000000080000000, 0x0000000100000000)
  region size 1024K, 18 young (18432K), 3 survivors (3072K)
 Metaspace       used 108377K, committed 109120K, reserved 1179648K
  class space    used 14757K, committed 15104K, reserved 1048576K
GC Heap History (20 events):
Event: 153.165 GC heap before
{Heap before GC invocations=79 (full 0):
 garbage-first heap   total 181248K, used 147909K [0x0000000080000000, 0x0000000100000000)
  region size 1024K, 39 young (39936K), 1 survivors (1024K)
 Metaspace       used 98851K, committed 99584K, reserved 1179648K
  class space    used 13711K, committed 14080K, reserved 1048576K
}
Event: 153.173 GC heap after
{Heap after GC invocations=80 (full 0):
 garbage-first heap   total 181248K, used 112429K [0x0000000080000000, 0x0000000100000000)
  region size 1024K, 4 young (4096K), 4 survivors (4096K)
 Metaspace       used 98851K, committed 99584K, reserved 1179648K
  class space    used 13711K, committed 14080K, reserved 1048576K
}
Event: 158.991 GC heap before
{Heap before GC invocations=81 (full 0):
 garbage-first heap   total 193536K, used 156461K [0x0000000080000000, 0x0000000100000000)
  region size 1024K, 41 young (41984K), 4 survivors (4096K)
 Metaspace       used 101907K, committed 102656K, reserved 1179648K
  class space    used 14035K, committed 14400K, reserved 1048576K
}
Event: 158.998 GC heap after
{Heap after GC invocations=82 (full 0):
 garbage-first heap   total 193536K, used 120672K [0x0000000080000000, 0x0000000100000000)
  region size 1024K, 6 young (6144K), 6 survivors (6144K)
 Metaspace       used 101907K, committed 102656K, reserved 1179648K
  class space    used 14035K, committed 14400K, reserved 1048576K
}
Event: 159.390 GC heap before
{Heap before GC invocations=82 (full 0):
 garbage-first heap   total 193536K, used 123744K [0x0000000080000000, 0x0000000100000000)
  region size 1024K, 9 young (9216K), 6 survivors (6144K)
 Metaspace       used 102156K, committed 102848K, reserved 1179648K
  class space    used 14063K, committed 14400K, reserved 1048576K
}
Event: 159.394 GC heap after
{Heap after GC invocations=83 (full 0):
 garbage-first heap   total 193536K, used 122774K [0x0000000080000000, 0x0000000100000000)
  region size 1024K, 2 young (2048K), 2 survivors (2048K)
 Metaspace       used 102156K, committed 102848K, reserved 1179648K
  class space    used 14063K, committed 14400K, reserved 1048576K
}
Event: 160.700 GC heap before
{Heap before GC invocations=83 (full 0):
 garbage-first heap   total 193536K, used 155542K [0x0000000080000000, 0x0000000100000000)
  region size 1024K, 35 young (35840K), 2 survivors (2048K)
 Metaspace       used 102837K, committed 103616K, reserved 1179648K
  class space    used 14141K, committed 14528K, reserved 1048576K
}
Event: 160.708 GC heap after
{Heap after GC invocations=84 (full 0):
 garbage-first heap   total 193536K, used 132040K [0x0000000080000000, 0x0000000100000000)
  region size 1024K, 5 young (5120K), 5 survivors (5120K)
 Metaspace       used 102837K, committed 103616K, reserved 1179648K
  class space    used 14141K, committed 14528K, reserved 1048576K
}
Event: 161.953 GC heap before
{Heap before GC invocations=85 (full 0):
 garbage-first heap   total 235520K, used 156616K [0x0000000080000000, 0x0000000100000000)
  region size 1024K, 29 young (29696K), 5 survivors (5120K)
 Metaspace       used 104893K, committed 105600K, reserved 1179648K
  class space    used 14411K, committed 14784K, reserved 1048576K
}
Event: 161.958 GC heap after
{Heap after GC invocations=86 (full 0):
 garbage-first heap   total 235520K, used 134020K [0x0000000080000000, 0x0000000100000000)
  region size 1024K, 2 young (2048K), 2 survivors (2048K)
 Metaspace       used 104893K, committed 105600K, reserved 1179648K
  class space    used 14411K, committed 14784K, reserved 1048576K
}
Event: 162.133 GC heap before
{Heap before GC invocations=86 (full 0):
 garbage-first heap   total 235520K, used 143236K [0x0000000080000000, 0x0000000100000000)
  region size 1024K, 11 young (11264K), 2 survivors (2048K)
 Metaspace       used 104991K, committed 105728K, reserved 1179648K
  class space    used 14416K, committed 14784K, reserved 1048576K
}
Event: 162.143 GC heap after
{Heap after GC invocations=87 (full 0):
 garbage-first heap   total 235520K, used 139937K [0x0000000080000000, 0x0000000100000000)
  region size 1024K, 2 young (2048K), 2 survivors (2048K)
 Metaspace       used 104991K, committed 105728K, reserved 1179648K
  class space    used 14416K, committed 14784K, reserved 1048576K
}
Event: 162.167 GC heap before
{Heap before GC invocations=87 (full 0):
 garbage-first heap   total 235520K, used 140961K [0x0000000080000000, 0x0000000100000000)
  region size 1024K, 5 young (5120K), 2 survivors (2048K)
 Metaspace       used 105008K, committed 105728K, reserved 1179648K
  class space    used 14416K, committed 14784K, reserved 1048576K
}
Event: 162.174 GC heap after
{Heap after GC invocations=88 (full 0):
 garbage-first heap   total 235520K, used 141644K [0x0000000080000000, 0x0000000100000000)
  region size 1024K, 4 young (4096K), 4 survivors (4096K)
 Metaspace       used 105008K, committed 105728K, reserved 1179648K
  class space    used 14416K, committed 14784K, reserved 1048576K
}
Event: 164.919 GC heap before
{Heap before GC invocations=89 (full 0):
 garbage-first heap   total 265216K, used 184652K [0x0000000080000000, 0x0000000100000000)
  region size 1024K, 30 young (30720K), 4 survivors (4096K)
 Metaspace       used 106658K, committed 107328K, reserved 1179648K
  class space    used 14596K, committed 14912K, reserved 1048576K
}
Event: 164.923 GC heap after
{Heap after GC invocations=90 (full 0):
 garbage-first heap   total 265216K, used 142293K [0x0000000080000000, 0x0000000100000000)
  region size 1024K, 3 young (3072K), 3 survivors (3072K)
 Metaspace       used 106658K, committed 107328K, reserved 1179648K
  class space    used 14596K, committed 14912K, reserved 1048576K
}
Event: 165.209 GC heap before
{Heap before GC invocations=90 (full 0):
 garbage-first heap   total 265216K, used 150485K [0x0000000080000000, 0x0000000100000000)
  region size 1024K, 12 young (12288K), 3 survivors (3072K)
 Metaspace       used 107159K, committed 107904K, reserved 1179648K
  class space    used 14651K, committed 14976K, reserved 1048576K
}
Event: 165.212 GC heap after
{Heap after GC invocations=91 (full 0):
 garbage-first heap   total 265216K, used 142155K [0x0000000080000000, 0x0000000100000000)
  region size 1024K, 1 young (1024K), 1 survivors (1024K)
 Metaspace       used 107159K, committed 107904K, reserved 1179648K
  class space    used 14651K, committed 14976K, reserved 1048576K
}
Event: 167.878 GC heap before
{Heap before GC invocations=91 (full 0):
 garbage-first heap   total 265216K, used 186187K [0x0000000080000000, 0x0000000100000000)
  region size 1024K, 45 young (46080K), 1 survivors (1024K)
 Metaspace       used 108176K, committed 108864K, reserved 1179648K
  class space    used 14729K, committed 15040K, reserved 1048576K
}
Event: 167.882 GC heap after
{Heap after GC invocations=92 (full 0):
 garbage-first heap   total 265216K, used 144274K [0x0000000080000000, 0x0000000100000000)
  region size 1024K, 3 young (3072K), 3 survivors (3072K)
 Metaspace       used 108176K, committed 108864K, reserved 1179648K
  class space    used 14729K, committed 15040K, reserved 1048576K
}

